1591378384298	mozrunner::runner	INFO	Running command: "/usr/bin/firefox" "-marionette" "-foreground" "-no-remote" "-profile" "/tmp/rust_mozprofile8TM4tf"
1591378389185	Marionette	INFO	Listening on port 36111
1591378389239	Marionette	WARN	TLS certificate errors will be ignored for this session
JavaScript warning: https://tm.jsuol.com.br/uoltm.js?id=y5h55f, line 1: unreachable code after return statement
JavaScript warning: https://tm.jsuol.com.br/uoltm.js?id=y5h55f, line 1: unreachable code after return statement
JavaScript error: , line 0: TypeError: NetworkError when attempting to fetch resource.
JavaScript warning: https://api.cazamba.com/common/czmb.min.js, line 2: Using //@ to indicate sourceMappingURL pragmas is deprecated. Use //# instead
JavaScript warning: https://tm.jsuol.com.br/modules/client-purge.js, line 1: unreachable code after return statement
JavaScript warning: https://tm.jsuol.com.br/modules/client-purge.js, line 1: unreachable code after return statement
1591378456059	Marionette	INFO	Stopped listening on port 36111
1591379099609	mozrunner::runner	INFO	Running command: "/usr/bin/firefox" "-marionette" "-foreground" "-no-remote" "-profile" "/tmp/rust_mozprofileiJzGfk"
1591379104365	Marionette	INFO	Listening on port 39967
1591379104459	Marionette	WARN	TLS certificate errors will be ignored for this session
JavaScript warning: https://tm.jsuol.com.br/uoltm.js?id=y5h55f, line 1: unreachable code after return statement
JavaScript warning: https://tm.jsuol.com.br/uoltm.js?id=y5h55f, line 1: unreachable code after return statement
JavaScript error: , line 0: TypeError: NetworkError when attempting to fetch resource.
JavaScript error: , line 0: TypeError: NetworkError when attempting to fetch resource.
JavaScript warning: https://api.cazamba.com/common/czmb.min.js, line 2: Using //@ to indicate sourceMappingURL pragmas is deprecated. Use //# instead
1591379124072	Marionette	INFO	Stopped listening on port 39967
JavaScript warning: https://tm.jsuol.com.br/modules/client-purge.js, line 1: unreachable code after return statement
JavaScript warning: https://tm.jsuol.com.br/modules/client-purge.js, line 1: unreachable code after return statement
1591380451553	mozrunner::runner	INFO	Running command: "/usr/bin/firefox" "-marionette" "-foreground" "-no-remote" "-profile" "/tmp/rust_mozprofilelH2eQq"
1591380455967	Marionette	INFO	Listening on port 35705
1591380456001	Marionette	WARN	TLS certificate errors will be ignored for this session
JavaScript warning: https://tm.jsuol.com.br/uoltm.js?id=y5h55f, line 1: unreachable code after return statement
JavaScript warning: https://tm.jsuol.com.br/uoltm.js?id=y5h55f, line 1: unreachable code after return statement
JavaScript error: , line 0: TypeError: NetworkError when attempting to fetch resource.
JavaScript error: , line 0: TypeError: NetworkError when attempting to fetch resource.
JavaScript warning: https://api.cazamba.com/common/czmb.min.js, line 2: Using //@ to indicate sourceMappingURL pragmas is deprecated. Use //# instead
JavaScript error: https://secure.quantserve.com/quant.js, line 2: NS_ERROR_UNEXPECTED: 
Marionette threw an error: TypeError: this.curBrowser.contentBrowser is null
GeckoDriver.prototype.get@chrome://marionette/content/driver.js:1167:3


###!!! [Child][MessageChannel] Error: (msgtype=0x5A0011,name=PHttpChannel::Msg___delete__) Channel closing: too late to send/recv, messages will be lost


###!!! [Child][MessageChannel] Error: (msgtype=0x6B0029,name=PNecko::Msg_RemoveRequestContext) Channel closing: too late to send/recv, messages will be lost


###!!! [Child][RunMessage] Error: Channel closing: too late to send/recv, messages will be lost


###!!! [Child][RunMessage] Error: Channel closing: too late to send/recv, messages will be lost


###!!! [Child][RunMessage] Error: Channel closing: too late to send/recv, messages will be lost


###!!! [Child][RunMessage] Error: Channel closing: too late to send/recv, messages will be lost


###!!! [Child][RunMessage] Error: Channel closing: too late to send/recv, messages will be lost


###!!! [Child][RunMessage] Error: Channel closing: too late to send/recv, messages will be lost


###!!! [Child][RunMessage] Error: Channel closing: too late to send/recv, messages will be lost


###!!! [Child][RunMessage] Error: Channel closing: too late to send/recv, messages will be lost


###!!! [Child][RunMessage] Error: Channel closing: too late to send/recv, messages will be lost


###!!! [Child][RunMessage] Error: Channel closing: too late to send/recv, messages will be lost


###!!! [Child][RunMessage] Error: Channel closing: too late to send/recv, messages will be lost


###!!! [Child][RunMessage] Error: Channel closing: too late to send/recv, messages will be lost


###!!! [Child][RunMessage] Error: Channel closing: too late to send/recv, messages will be lost


###!!! [Child][RunMessage] Error: Channel closing: too late to send/recv, messages will be lost


###!!! [Child][RunMessage] Error: Channel closing: too late to send/recv, messages will be lost


###!!! [Child][RunMessage] Error: Channel closing: too late to send/recv, messages will be lost


###!!! [Child][RunMessage] Error: Channel closing: too late to send/recv, messages will be lost


###!!! [Child][RunMessage] Error: Channel closing: too late to send/recv, messages will be lost


###!!! [Child][RunMessage] Error: Channel closing: too late to send/recv, messages will be lost


###!!! [Child][RunMessage] Error: Channel closing: too late to send/recv, messages will be lost


###!!! [Child][RunMessage] Error: Channel closing: too late to send/recv, messages will be lost


###!!! [Child][RunMessage] Error: Channel closing: too late to send/recv, messages will be lost

1591380498175	Marionette	INFO	Stopped listening on port 35705
1591380525016	mozrunner::runner	INFO	Running command: "/usr/bin/firefox" "-marionette" "-foreground" "-no-remote" "-profile" "/tmp/rust_mozprofile3N3w2H"
1591380529385	Marionette	INFO	Listening on port 41151
1591380529470	Marionette	WARN	TLS certificate errors will be ignored for this session
1591380991689	Marionette	INFO	Stopped listening on port 41151
1591382513782	mozrunner::runner	INFO	Running command: "/usr/bin/firefox" "-marionette" "-foreground" "-no-remote" "-profile" "/tmp/rust_mozprofileWDZein"
1591382518201	Marionette	INFO	Listening on port 45245
1591382518229	Marionette	WARN	TLS certificate errors will be ignored for this session
1591382570794	mozrunner::runner	INFO	Running command: "/usr/bin/firefox" "-marionette" "-foreground" "-no-remote" "-profile" "/tmp/rust_mozprofileR0uRkX"
1591382575854	Marionette	INFO	Listening on port 37509
1591382575942	Marionette	WARN	TLS certificate errors will be ignored for this session
1591382613990	Marionette	INFO	Stopped listening on port 37509
1591382676495	mozrunner::runner	INFO	Running command: "/usr/bin/firefox" "-marionette" "-foreground" "-no-remote" "-profile" "/tmp/rust_mozprofileIJNb9Q"
1591382681032	Marionette	INFO	Listening on port 37345
1591382681124	Marionette	WARN	TLS certificate errors will be ignored for this session
1591382724664	Marionette	INFO	Stopped listening on port 45245

###!!! [Child][RunMessage] Error: Channel closing: too late to send/recv, messages will be lost


###!!! [Child][RunMessage] Error: Channel closing: too late to send/recv, messages will be lost

1591382726785	Marionette	INFO	Stopped listening on port 37345
1591382763214	mozrunner::runner	INFO	Running command: "/usr/bin/firefox" "-marionette" "-foreground" "-no-remote" "-profile" "/tmp/rust_mozprofileYmRC07"
1591382767732	Marionette	INFO	Listening on port 44895
1591382767755	Marionette	WARN	TLS certificate errors will be ignored for this session
JavaScript warning: https://static.xx.fbcdn.net/rsrc.php/v3/yO/r/doEx_pvIzE0.js?_nc_x=GBw1O288U3m, line 71: unreachable code after return statement
JavaScript warning: https://static.xx.fbcdn.net/rsrc.php/v3/yO/r/doEx_pvIzE0.js?_nc_x=GBw1O288U3m, line 71: unreachable code after return statement
JavaScript warning: https://static.xx.fbcdn.net/rsrc.php/v3/yO/r/doEx_pvIzE0.js?_nc_x=GBw1O288U3m, line 71: unreachable code after return statement
IPDL protocol error: Handler returned error code!

###!!! [Parent][DispatchAsyncMessage] Error: PLayerTransaction::Msg_ReleaseLayer Processing error: message was deserialized, but the handler returned false (indicating failure)

1591382796137	Marionette	INFO	Stopped listening on port 44895
1591382799616	mozrunner::runner	INFO	Running command: "/usr/bin/firefox" "-marionette" "-foreground" "-no-remote" "-profile" "/tmp/rust_mozprofilegqRFit"
1591382803986	Marionette	INFO	Listening on port 45757
1591382804066	Marionette	WARN	TLS certificate errors will be ignored for this session
JavaScript warning: https://static.xx.fbcdn.net/rsrc.php/v3/yO/r/doEx_pvIzE0.js?_nc_x=GBw1O288U3m, line 71: unreachable code after return statement
JavaScript warning: https://static.xx.fbcdn.net/rsrc.php/v3/yO/r/doEx_pvIzE0.js?_nc_x=GBw1O288U3m, line 71: unreachable code after return statement
JavaScript warning: https://static.xx.fbcdn.net/rsrc.php/v3/yO/r/doEx_pvIzE0.js?_nc_x=GBw1O288U3m, line 71: unreachable code after return statement
IPDL protocol error: Handler returned error code!

###!!! [Parent][DispatchAsyncMessage] Error: PLayerTransaction::Msg_ReleaseLayer Processing error: message was deserialized, but the handler returned false (indicating failure)


###!!! [Child][RunMessage] Error: Channel closing: too late to send/recv, messages will be lost


###!!! [Child][RunMessage] Error: Channel closing: too late to send/recv, messages will be lost


###!!! [Child][RunMessage] Error: Channel closing: too late to send/recv, messages will be lost


###!!! [Child][RunMessage] Error: Channel closing: too late to send/recv, messages will be lost


###!!! [Child][RunMessage] Error: Channel closing: too late to send/recv, messages will be lost


###!!! [Child][RunMessage] Error: Channel closing: too late to send/recv, messages will be lost


###!!! [Child][RunMessage] Error: Channel closing: too late to send/recv, messages will be lost


###!!! [Child][RunMessage] Error: Channel closing: too late to send/recv, messages will be lost


###!!! [Child][RunMessage] Error: Channel closing: too late to send/recv, messages will be lost


###!!! [Child][RunMessage] Error: Channel closing: too late to send/recv, messages will be lost

1591383118667	Marionette	INFO	Stopped listening on port 45757
1591383206436	mozrunner::runner	INFO	Running command: "/usr/bin/firefox" "-marionette" "-foreground" "-no-remote" "-profile" "/tmp/rust_mozprofileq9Y1L4"
1591383210875	Marionette	INFO	Listening on port 38717
1591383210981	Marionette	WARN	TLS certificate errors will be ignored for this session
JavaScript warning: https://static.xx.fbcdn.net/rsrc.php/v3/yO/r/doEx_pvIzE0.js?_nc_x=GBw1O288U3m, line 71: unreachable code after return statement
JavaScript warning: https://static.xx.fbcdn.net/rsrc.php/v3/yO/r/doEx_pvIzE0.js?_nc_x=GBw1O288U3m, line 71: unreachable code after return statement
JavaScript warning: https://static.xx.fbcdn.net/rsrc.php/v3/yO/r/doEx_pvIzE0.js?_nc_x=GBw1O288U3m, line 71: unreachable code after return statement

###!!! [Parent][RunMessage] Error: Channel closing: too late to send/recv, messages will be lost

IPDL protocol error: Handler returned error code!

###!!! [Parent][DispatchAsyncMessage] Error: PLayerTransaction::Msg_ReleaseLayer Processing error: message was deserialized, but the handler returned false (indicating failure)

1591383258129	Marionette	INFO	Stopped listening on port 38717
1591387956246	mozrunner::runner	INFO	Running command: "/usr/bin/firefox" "-marionette" "-foreground" "-no-remote" "-profile" "/tmp/rust_mozprofilehw1UcF"
1591387960675	Marionette	INFO	Listening on port 43585
1591387960702	Marionette	WARN	TLS certificate errors will be ignored for this session
JavaScript error: https://crane-technology.herokuapp.com/conteudos, line 6722: ReferenceError: $ is not defined
1591387962789	Marionette	INFO	Stopped listening on port 43585

###!!! [Child][RunMessage] Error: Channel closing: too late to send/recv, messages will be lost

1591388029631	mozrunner::runner	INFO	Running command: "/usr/bin/firefox" "-marionette" "-foreground" "-no-remote" "-profile" "/tmp/rust_mozprofileSem7MM"
1591388034136	Marionette	INFO	Listening on port 35191
1591388034188	Marionette	WARN	TLS certificate errors will be ignored for this session
JavaScript error: https://crane-technology.herokuapp.com/conteudos, line 6722: ReferenceError: $ is not defined
1591388036095	Marionette	INFO	Stopped listening on port 35191
1591388532550	mozrunner::runner	INFO	Running command: "/usr/bin/firefox" "-marionette" "-foreground" "-no-remote" "-profile" "/tmp/rust_mozprofile0A6T4c"
1591388536828	Marionette	INFO	Listening on port 33681
1591388536886	Marionette	WARN	TLS certificate errors will be ignored for this session
JavaScript error: https://crane-technology.herokuapp.com/conteudos, line 6722: ReferenceError: $ is not defined
1591388541940	Marionette	INFO	Stopped listening on port 33681
1591388928298	mozrunner::runner	INFO	Running command: "/usr/bin/firefox" "-marionette" "-foreground" "-no-remote" "-profile" "/tmp/rust_mozprofileUgnIJE"
1591388935343	Marionette	INFO	Listening on port 33277
1591388935380	Marionette	WARN	TLS certificate errors will be ignored for this session
1591388953886	Marionette	INFO	Stopped listening on port 33277
IPDL protocol error: Handler returned error code!

###!!! [Parent][DispatchAsyncMessage] Error: PLayerTransaction::Msg_ReleaseLayer Processing error: message was deserialized, but the handler returned false (indicating failure)

1591388999683	mozrunner::runner	INFO	Running command: "/usr/bin/firefox" "-marionette" "-foreground" "-no-remote" "-profile" "/tmp/rust_mozprofile4hVvlk"
1591389007268	Marionette	INFO	Listening on port 35533
1591389007368	Marionette	WARN	TLS certificate errors will be ignored for this session
1591389023450	Marionette	INFO	Stopped listening on port 35533
1591389478099	mozrunner::runner	INFO	Running command: "/usr/bin/firefox" "-marionette" "-foreground" "-no-remote" "-profile" "/tmp/rust_mozprofilewulUds"
1591389484919	Marionette	INFO	Listening on port 35839
1591389484969	Marionette	WARN	TLS certificate errors will be ignored for this session
JavaScript error: https://fbsbx.com/captcha/recaptcha/iframe/?referer=https%3A%2F%2Fwww.facebook.com&compact=0, line 4: ReferenceError: require is not defined
JavaScript error: https://fbsbx.com/captcha/recaptcha/iframe/?referer=https%3A%2F%2Fwww.facebook.com&compact=0, line 9: ReferenceError: requireLazy is not defined
JavaScript error: https://fbsbx.com/captcha/recaptcha/iframe/?referer=https%3A%2F%2Fwww.facebook.com&compact=0, line 12: ReferenceError: requireLazy is not defined
JavaScript error: https://fbsbx.com/captcha/recaptcha/iframe/?referer=https%3A%2F%2Fwww.facebook.com&compact=0, line 13: ReferenceError: require is not defined
1591389514367	Marionette	INFO	Stopped listening on port 35839
1591389528264	mozrunner::runner	INFO	Running command: "/usr/bin/firefox" "-marionette" "-foreground" "-no-remote" "-profile" "/tmp/rust_mozprofileJxp4pU"
1591389534692	Marionette	INFO	Listening on port 33659
1591389534723	Marionette	WARN	TLS certificate errors will be ignored for this session
JavaScript error: resource:///modules/BrowserGlue.jsm, line 4400: NS_ERROR_FAILURE: Component returned failure code: 0x80004005 (NS_ERROR_FAILURE) [nsIContentPermissionRequest.cancel]
IPDL protocol error: Handler returned error code!

###!!! [Parent][DispatchAsyncMessage] Error: PLayerTransaction::Msg_ReleaseLayer Processing error: message was deserialized, but the handler returned false (indicating failure)

IPDL protocol error: Handler returned error code!

###!!! [Parent][DispatchAsyncMessage] Error: PLayerTransaction::Msg_ReleaseLayer Processing error: message was deserialized, but the handler returned false (indicating failure)

IPDL protocol error: Handler returned error code!

###!!! [Parent][DispatchAsyncMessage] Error: PLayerTransaction::Msg_ReleaseLayer Processing error: message was deserialized, but the handler returned false (indicating failure)

1591389569410	Marionette	INFO	Stopped listening on port 33659
1591389625020	mozrunner::runner	INFO	Running command: "/usr/bin/firefox" "-marionette" "-foreground" "-no-remote" "-profile" "/tmp/rust_mozprofile8HJlnO"
1591389631310	Marionette	INFO	Listening on port 37131
1591389631443	Marionette	WARN	TLS certificate errors will be ignored for this session
JavaScript warning: https://static.xx.fbcdn.net/rsrc.php/v3/yN/r/s5X2sbWUWKB.js?_nc_x=GBw1O288U3m, line 71: unreachable code after return statement
JavaScript warning: https://static.xx.fbcdn.net/rsrc.php/v3/yN/r/s5X2sbWUWKB.js?_nc_x=GBw1O288U3m, line 71: unreachable code after return statement
JavaScript warning: https://static.xx.fbcdn.net/rsrc.php/v3/yN/r/s5X2sbWUWKB.js?_nc_x=GBw1O288U3m, line 71: unreachable code after return statement
console.error: "Store does not have a valid reducer. Make sure the argument passed to combineReducers is an object whose values are reducers."
JavaScript error: , line 0: uncaught exception: Object
JavaScript error: , line 0: uncaught exception: Object
JavaScript error: , line 0: uncaught exception: Object
JavaScript error: , line 0: uncaught exception: Object
1591389816168	Marionette	INFO	Stopped listening on port 37131
1591389819610	mozrunner::runner	INFO	Running command: "/usr/bin/firefox" "-marionette" "-foreground" "-no-remote" "-profile" "/tmp/rust_mozprofileGELneK"
1591389824392	Marionette	INFO	Listening on port 34377
1591389824483	Marionette	WARN	TLS certificate errors will be ignored for this session
JavaScript warning: https://static.xx.fbcdn.net/rsrc.php/v3/yN/r/s5X2sbWUWKB.js?_nc_x=GBw1O288U3m, line 71: unreachable code after return statement
JavaScript warning: https://static.xx.fbcdn.net/rsrc.php/v3/yN/r/s5X2sbWUWKB.js?_nc_x=GBw1O288U3m, line 71: unreachable code after return statement
JavaScript warning: https://static.xx.fbcdn.net/rsrc.php/v3/yN/r/s5X2sbWUWKB.js?_nc_x=GBw1O288U3m, line 71: unreachable code after return statement
JavaScript error: , line 0: uncaught exception: Object
JavaScript error: , line 0: uncaught exception: Object
JavaScript error: , line 0: uncaught exception: Object
1591389871065	Marionette	INFO	Stopped listening on port 34377
1591389999778	mozrunner::runner	INFO	Running command: "/usr/bin/firefox" "-marionette" "-foreground" "-no-remote" "-profile" "/tmp/rust_mozprofileXiIz8E"
1591390004481	Marionette	INFO	Listening on port 35215
1591390004540	Marionette	WARN	TLS certificate errors will be ignored for this session
JavaScript warning: https://static.xx.fbcdn.net/rsrc.php/v3/yN/r/s5X2sbWUWKB.js?_nc_x=GBw1O288U3m, line 71: unreachable code after return statement
JavaScript warning: https://static.xx.fbcdn.net/rsrc.php/v3/yN/r/s5X2sbWUWKB.js?_nc_x=GBw1O288U3m, line 71: unreachable code after return statement
JavaScript warning: https://static.xx.fbcdn.net/rsrc.php/v3/yN/r/s5X2sbWUWKB.js?_nc_x=GBw1O288U3m, line 71: unreachable code after return statement
JavaScript error: , line 0: uncaught exception: Object
JavaScript error: , line 0: uncaught exception: Object
JavaScript error: , line 0: uncaught exception: Object
JavaScript error: , line 0: uncaught exception: Object
JavaScript error: , line 0: uncaught exception: Object
JavaScript error: , line 0: uncaught exception: Object
JavaScript error: , line 0: uncaught exception: Object
JavaScript error: , line 0: uncaught exception: Object
JavaScript error: , line 0: uncaught exception: Object
JavaScript error: , line 0: uncaught exception: Object
JavaScript error: , line 0: uncaught exception: Object
